<?xml version="1.0" encoding="UTF-8"?>
<testsuite name="io.TabbedFileReaderTest" tests="1" skipped="0" failures="0" errors="0" timestamp="2015-08-15T15:59:26" hostname="Daves-MacBook-Pro.local" time="0.006">
  <properties/>
  <testcase name="shouldGetStringArrays" classname="io.TabbedFileReaderTest" time="0.006"/>
  <system-out><![CDATA[]]></system-out>
  <system-err><![CDATA[]]></system-err>
</testsuite>
