<?xml version="1.0" encoding="UTF-8"?>
<testsuite name="weather.MungeWeatherTest" tests="1" skipped="0" failures="0" errors="0" timestamp="2015-08-15T15:59:26" hostname="Daves-MacBook-Pro.local" time="0.0">
  <properties/>
  <testcase name="shouldMungeWeatherData" classname="weather.MungeWeatherTest" time="0.0"/>
  <system-out><![CDATA[]]></system-out>
  <system-err><![CDATA[]]></system-err>
</testsuite>
