<?xml version="1.0" encoding="UTF-8"?>
<testsuite name="weather.WeatherDayIteratorTest" tests="1" skipped="0" failures="0" errors="0" timestamp="2015-08-15T15:59:26" hostname="Daves-MacBook-Pro.local" time="0.005">
  <properties/>
  <testcase name="shouldIterateDays" classname="weather.WeatherDayIteratorTest" time="0.005"/>
  <system-out><![CDATA[]]></system-out>
  <system-err><![CDATA[]]></system-err>
</testsuite>
